<?xml version="1.0" encoding="UTF-8"?>
<testng-results ignored="0" total="2" passed="2" failed="0" skipped="0">
  <reporter-output>
  </reporter-output>
  <suite started-at="2023-01-18T12:10:10 CST" name="Default suite" finished-at="2023-01-18T12:10:14 CST" duration-ms="4287">
    <groups>
    </groups>
    <test started-at="2023-01-18T12:10:10 CST" name="Default test" finished-at="2023-01-18T12:10:14 CST" duration-ms="4287">
      <class name="RestAssured.GetReq">
        <test-method signature="getAllItems()[pri:0, instance:RestAssured.GetReq@2b48a640]" started-at="2023-01-18T12:10:10 CST" name="getAllItems" finished-at="2023-01-18T12:10:14 CST" duration-ms="3597" status="PASS">
          <reporter-output>
          </reporter-output>
        </test-method> <!-- getAllItems -->
        <test-method signature="getItem()[pri:0, instance:RestAssured.GetReq@2b48a640]" started-at="2023-01-18T12:10:14 CST" name="getItem" finished-at="2023-01-18T12:10:14 CST" duration-ms="601" status="PASS">
          <reporter-output>
          </reporter-output>
        </test-method> <!-- getItem -->
      </class> <!-- RestAssured.GetReq -->
    </test> <!-- Default test -->
  </suite> <!-- Default suite -->
</testng-results>
